# JRE version: OpenJDK Runtime Environment Temurin-17.0.11+9 (17.0.11+9) (build 17.0.11+9)
# Java VM: OpenJDK 64-Bit Server VM Temurin-17.0.11+9 (17.0.11+9, mixed mode, tiered, compressed oops, compressed class ptrs, parallel gc, windows-amd64)
GC Precious Log:
 CPUs: 2 total, 2 available
 Memory: 5609M
 Large Page Support: Disabled
 NUMA Support: Disabled
 Compressed Oops: Enabled (32-bit)
 Alignments: Space 512K, Generation 512K, Heap 2M
 Heap Min Capacity: 100M
 Heap Initial Capacity: 100M
 Heap Max Capacity: 1G
 Pre-touch: Disabled
 Parallel Workers: 2
Heap:
 PSYoungGen      total 6144K, used 5769K [0x00000000eab00000, 0x00000000eb300000, 0x0000000100000000)
  eden space 4608K, 100% used [0x00000000eab00000,0x00000000eaf80000,0x00000000eaf80000)
  from space 1536K, 75% used [0x00000000eb180000,0x00000000eb2a2668,0x00000000eb300000)
  to   space 1536K, 98% used [0x00000000eb000000,0x00000000eb179d50,0x00000000eb180000)
 ParOldGen       total 236032K, used 218705K [0x00000000c0000000, 0x00000000ce680000, 0x00000000eab00000)
  object space 236032K, 92% used [0x00000000c0000000,0x00000000cd5945a8,0x00000000ce680000)
 Metaspace       used 78817K, committed 80064K, reserved 1179648K
  class space    used 8075K, committed 8640K, reserved 1048576K
GC Heap History (20 events):
Event: 310.946 GC heap after
{Heap after GC invocations=400 (full 12):
 PSYoungGen      total 6144K, used 1093K [0x00000000eab00000, 0x00000000eb280000, 0x0000000100000000)
  eden space 4608K, 0% used [0x00000000eab00000,0x00000000eab00000,0x00000000eaf80000)
  from space 1536K, 71% used [0x00000000eaf80000,0x00000000eb0914a8,0x00000000eb100000)
  to   space 1536K, 0% used [0x00000000eb100000,0x00000000eb100000,0x00000000eb280000)
 ParOldGen       total 216576K, used 214855K [0x00000000c0000000, 0x00000000cd380000, 0x00000000eab00000)
  object space 216576K, 99% used [0x00000000c0000000,0x00000000cd1d1c38,0x00000000cd380000)
 Metaspace       used 78717K, committed 80000K, reserved 1179648K
  class space    used 8073K, committed 8640K, reserved 1048576K
}
Event: 310.984 GC heap before
{Heap before GC invocations=401 (full 12):
 PSYoungGen      total 6144K, used 5701K [0x00000000eab00000, 0x00000000eb280000, 0x0000000100000000)
  eden space 4608K, 100% used [0x00000000eab00000,0x00000000eaf80000,0x00000000eaf80000)
  from space 1536K, 71% used [0x00000000eaf80000,0x00000000eb0914a8,0x00000000eb100000)
  to   space 1536K, 0% used [0x00000000eb100000,0x00000000eb100000,0x00000000eb280000)
 ParOldGen       total 216576K, used 214855K [0x00000000c0000000, 0x00000000cd380000, 0x00000000eab00000)
  object space 216576K, 99% used [0x00000000c0000000,0x00000000cd1d1c38,0x00000000cd380000)
 Metaspace       used 78717K, committed 80000K, reserved 1179648K
  class space    used 8073K, committed 8640K, reserved 1048576K
}
Event: 310.990 GC heap after
{Heap after GC invocations=401 (full 12):
 PSYoungGen      total 6144K, used 1056K [0x00000000eab00000, 0x00000000eb280000, 0x0000000100000000)
  eden space 4608K, 0% used [0x00000000eab00000,0x00000000eab00000,0x00000000eaf80000)
  from space 1536K, 68% used [0x00000000eb100000,0x00000000eb208058,0x00000000eb280000)
  to   space 1536K, 0% used [0x00000000eaf80000,0x00000000eaf80000,0x00000000eb100000)
 ParOldGen       total 216576K, used 215889K [0x00000000c0000000, 0x00000000cd380000, 0x00000000eab00000)
  object space 216576K, 99% used [0x00000000c0000000,0x00000000cd2d4598,0x00000000cd380000)
 Metaspace       used 78717K, committed 80000K, reserved 1179648K
  class space    used 8073K, committed 8640K, reserved 1048576K
}
Event: 310.990 GC heap before
{Heap before GC invocations=402 (full 13):
 PSYoungGen      total 6144K, used 1056K [0x00000000eab00000, 0x00000000eb280000, 0x0000000100000000)
  eden space 4608K, 0% used [0x00000000eab00000,0x00000000eab00000,0x00000000eaf80000)
  from space 1536K, 68% used [0x00000000eb100000,0x00000000eb208058,0x00000000eb280000)
  to   space 1536K, 0% used [0x00000000eaf80000,0x00000000eaf80000,0x00000000eb100000)
 ParOldGen       total 216576K, used 215889K [0x00000000c0000000, 0x00000000cd380000, 0x00000000eab00000)
  object space 216576K, 99% used [0x00000000c0000000,0x00000000cd2d4598,0x00000000cd380000)
 Metaspace       used 78717K, committed 80000K, reserved 1179648K
  class space    used 8073K, committed 8640K, reserved 1048576K
}
Event: 311.805 GC heap after
{Heap after GC invocations=402 (full 13):
 PSYoungGen      total 6144K, used 0K [0x00000000eab00000, 0x00000000eb280000, 0x0000000100000000)
  eden space 4608K, 0% used [0x00000000eab00000,0x00000000eab00000,0x00000000eaf80000)
  from space 1536K, 0% used [0x00000000eaf80000,0x00000000eaf80000,0x00000000eb100000)
  to   space 1536K, 0% used [0x00000000eb100000,0x00000000eb100000,0x00000000eb280000)
 ParOldGen       total 236032K, used 213915K [0x00000000c0000000, 0x00000000ce680000, 0x00000000eab00000)
  object space 236032K, 90% used [0x00000000c0000000,0x00000000cd0e6c90,0x00000000ce680000)
 Metaspace       used 78717K, committed 80000K, reserved 1179648K
  class space    used 8073K, committed 8640K, reserved 1048576K
}
Event: 312.298 GC heap before
{Heap before GC invocations=403 (full 13):
 PSYoungGen      total 6144K, used 4607K [0x00000000eab00000, 0x00000000eb280000, 0x0000000100000000)
  eden space 4608K, 99% used [0x00000000eab00000,0x00000000eaf7ffb8,0x00000000eaf80000)
  from space 1536K, 0% used [0x00000000eaf80000,0x00000000eaf80000,0x00000000eb100000)
  to   space 1536K, 0% used [0x00000000eb100000,0x00000000eb100000,0x00000000eb280000)
 ParOldGen       total 236032K, used 213915K [0x00000000c0000000, 0x00000000ce680000, 0x00000000eab00000)
  object space 236032K, 90% used [0x00000000c0000000,0x00000000cd0e6c90,0x00000000ce680000)
 Metaspace       used 78753K, committed 80000K, reserved 1179648K
  class space    used 8073K, committed 8640K, reserved 1048576K
}
Event: 312.303 GC heap after
{Heap after GC invocations=403 (full 13):
 PSYoungGen      total 5632K, used 758K [0x00000000eab00000, 0x00000000eb200000, 0x0000000100000000)
  eden space 4608K, 0% used [0x00000000eab00000,0x00000000eab00000,0x00000000eaf80000)
  from space 1024K, 74% used [0x00000000eb100000,0x00000000eb1bd978,0x00000000eb200000)
  to   space 1024K, 0% used [0x00000000eb000000,0x00000000eb000000,0x00000000eb100000)
 ParOldGen       total 236032K, used 213915K [0x00000000c0000000, 0x00000000ce680000, 0x00000000eab00000)
  object space 236032K, 90% used [0x00000000c0000000,0x00000000cd0e6c90,0x00000000ce680000)
 Metaspace       used 78753K, committed 80000K, reserved 1179648K
  class space    used 8073K, committed 8640K, reserved 1048576K
}
Event: 312.712 GC heap before
{Heap before GC invocations=404 (full 13):
 PSYoungGen      total 5632K, used 5366K [0x00000000eab00000, 0x00000000eb200000, 0x0000000100000000)
  eden space 4608K, 100% used [0x00000000eab00000,0x00000000eaf80000,0x00000000eaf80000)
  from space 1024K, 74% used [0x00000000eb100000,0x00000000eb1bd978,0x00000000eb200000)
  to   space 1024K, 0% used [0x00000000eb000000,0x00000000eb000000,0x00000000eb100000)
 ParOldGen       total 236032K, used 213915K [0x00000000c0000000, 0x00000000ce680000, 0x00000000eab00000)
  object space 236032K, 90% used [0x00000000c0000000,0x00000000cd0e6c90,0x00000000ce680000)
 Metaspace       used 78770K, committed 80000K, reserved 1179648K
  class space    used 8073K, committed 8640K, reserved 1048576K
}
Event: 312.717 GC heap after
{Heap after GC invocations=404 (full 13):
 PSYoungGen      total 5632K, used 1016K [0x00000000eab00000, 0x00000000eb280000, 0x0000000100000000)
  eden space 4608K, 0% used [0x00000000eab00000,0x00000000eab00000,0x00000000eaf80000)
  from space 1024K, 99% used [0x00000000eb000000,0x00000000eb0fe0a8,0x00000000eb100000)
  to   space 1536K, 0% used [0x00000000eb100000,0x00000000eb100000,0x00000000eb280000)
 ParOldGen       total 236032K, used 214091K [0x00000000c0000000, 0x00000000ce680000, 0x00000000eab00000)
  object space 236032K, 90% used [0x00000000c0000000,0x00000000cd112c90,0x00000000ce680000)
 Metaspace       used 78770K, committed 80000K, reserved 1179648K
  class space    used 8073K, committed 8640K, reserved 1048576K
}
Event: 313.082 GC heap before
{Heap before GC invocations=405 (full 13):
 PSYoungGen      total 5632K, used 5624K [0x00000000eab00000, 0x00000000eb280000, 0x0000000100000000)
  eden space 4608K, 100% used [0x00000000eab00000,0x00000000eaf80000,0x00000000eaf80000)
  from space 1024K, 99% used [0x00000000eb000000,0x00000000eb0fe0a8,0x00000000eb100000)
  to   space 1536K, 0% used [0x00000000eb100000,0x00000000eb100000,0x00000000eb280000)
 ParOldGen       total 236032K, used 214091K [0x00000000c0000000, 0x00000000ce680000, 0x00000000eab00000)
  object space 236032K, 90% used [0x00000000c0000000,0x00000000cd112c90,0x00000000ce680000)
 Metaspace       used 78795K, committed 80064K, reserved 1179648K
  class space    used 8075K, committed 8640K, reserved 1048576K
}
Event: 313.088 GC heap after
{Heap after GC invocations=405 (full 13):
 PSYoungGen      total 5632K, used 588K [0x00000000eab00000, 0x00000000eb200000, 0x0000000100000000)
  eden space 4608K, 0% used [0x00000000eab00000,0x00000000eab00000,0x00000000eaf80000)
  from space 1024K, 57% used [0x00000000eb100000,0x00000000eb193158,0x00000000eb200000)
  to   space 1024K, 0% used [0x00000000eb000000,0x00000000eb000000,0x00000000eb100000)
 ParOldGen       total 236032K, used 215077K [0x00000000c0000000, 0x00000000ce680000, 0x00000000eab00000)
  object space 236032K, 91% used [0x00000000c0000000,0x00000000cd209640,0x00000000ce680000)
 Metaspace       used 78795K, committed 80064K, reserved 1179648K
  class space    used 8075K, committed 8640K, reserved 1048576K
}
Event: 313.368 GC heap before
{Heap before GC invocations=406 (full 13):
 PSYoungGen      total 5632K, used 5196K [0x00000000eab00000, 0x00000000eb200000, 0x0000000100000000)
  eden space 4608K, 100% used [0x00000000eab00000,0x00000000eaf80000,0x00000000eaf80000)
  from space 1024K, 57% used [0x00000000eb100000,0x00000000eb193158,0x00000000eb200000)
  to   space 1024K, 0% used [0x00000000eb000000,0x00000000eb000000,0x00000000eb100000)
 ParOldGen       total 236032K, used 215077K [0x00000000c0000000, 0x00000000ce680000, 0x00000000eab00000)
  object space 236032K, 91% used [0x00000000c0000000,0x00000000cd209640,0x00000000ce680000)
 Metaspace       used 78803K, committed 80064K, reserved 1179648K
  class space    used 8075K, committed 8640K, reserved 1048576K
}
Event: 313.374 GC heap after
{Heap after GC invocations=406 (full 13):
 PSYoungGen      total 5632K, used 1008K [0x00000000eab00000, 0x00000000eb380000, 0x0000000100000000)
  eden space 4608K, 0% used [0x00000000eab00000,0x00000000eab00000,0x00000000eaf80000)
  from space 1024K, 98% used [0x00000000eb000000,0x00000000eb0fc030,0x00000000eb100000)
  to   space 2048K, 0% used [0x00000000eb180000,0x00000000eb180000,0x00000000eb380000)
 ParOldGen       total 236032K, used 215730K [0x00000000c0000000, 0x00000000ce680000, 0x00000000eab00000)
  object space 236032K, 91% used [0x00000000c0000000,0x00000000cd2ac9a8,0x00000000ce680000)
 Metaspace       used 78803K, committed 80064K, reserved 1179648K
  class space    used 8075K, committed 8640K, reserved 1048576K
}
Event: 313.775 GC heap before
{Heap before GC invocations=407 (full 13):
 PSYoungGen      total 5632K, used 5616K [0x00000000eab00000, 0x00000000eb380000, 0x0000000100000000)
  eden space 4608K, 100% used [0x00000000eab00000,0x00000000eaf80000,0x00000000eaf80000)
  from space 1024K, 98% used [0x00000000eb000000,0x00000000eb0fc030,0x00000000eb100000)
  to   space 2048K, 0% used [0x00000000eb180000,0x00000000eb180000,0x00000000eb380000)
 ParOldGen       total 236032K, used 215730K [0x00000000c0000000, 0x00000000ce680000, 0x00000000eab00000)
  object space 236032K, 91% used [0x00000000c0000000,0x00000000cd2ac9a8,0x00000000ce680000)
 Metaspace       used 78807K, committed 80064K, reserved 1179648K
  class space    used 8075K, committed 8640K, reserved 1048576K
}
Event: 313.781 GC heap after
{Heap after GC invocations=407 (full 13):
 PSYoungGen      total 5120K, used 480K [0x00000000eab00000, 0x00000000eb200000, 0x0000000100000000)
  eden space 4608K, 0% used [0x00000000eab00000,0x00000000eab00000,0x00000000eaf80000)
  from space 512K, 93% used [0x00000000eb180000,0x00000000eb1f8000,0x00000000eb200000)
  to   space 1024K, 0% used [0x00000000eb000000,0x00000000eb000000,0x00000000eb100000)
 ParOldGen       total 236032K, used 216737K [0x00000000c0000000, 0x00000000ce680000, 0x00000000eab00000)
  object space 236032K, 91% used [0x00000000c0000000,0x00000000cd3a8640,0x00000000ce680000)
 Metaspace       used 78807K, committed 80064K, reserved 1179648K
  class space    used 8075K, committed 8640K, reserved 1048576K
}
Event: 314.213 GC heap before
{Heap before GC invocations=408 (full 13):
 PSYoungGen      total 5120K, used 5088K [0x00000000eab00000, 0x00000000eb200000, 0x0000000100000000)
  eden space 4608K, 100% used [0x00000000eab00000,0x00000000eaf80000,0x00000000eaf80000)
  from space 512K, 93% used [0x00000000eb180000,0x00000000eb1f8000,0x00000000eb200000)
  to   space 1024K, 0% used [0x00000000eb000000,0x00000000eb000000,0x00000000eb100000)
 ParOldGen       total 236032K, used 216737K [0x00000000c0000000, 0x00000000ce680000, 0x00000000eab00000)
  object space 236032K, 91% used [0x00000000c0000000,0x00000000cd3a8640,0x00000000ce680000)
 Metaspace       used 78809K, committed 80064K, reserved 1179648K
  class space    used 8075K, committed 8640K, reserved 1048576K
}
Event: 314.218 GC heap after
{Heap after GC invocations=408 (full 13):
 PSYoungGen      total 5632K, used 998K [0x00000000eab00000, 0x00000000eb380000, 0x0000000100000000)
  eden space 4608K, 0% used [0x00000000eab00000,0x00000000eab00000,0x00000000eaf80000)
  from space 1024K, 97% used [0x00000000eb000000,0x00000000eb0f9910,0x00000000eb100000)
  to   space 2048K, 0% used [0x00000000eb180000,0x00000000eb180000,0x00000000eb380000)
 ParOldGen       total 236032K, used 217248K [0x00000000c0000000, 0x00000000ce680000, 0x00000000eab00000)
  object space 236032K, 92% used [0x00000000c0000000,0x00000000cd428270,0x00000000ce680000)
 Metaspace       used 78809K, committed 80064K, reserved 1179648K
  class space    used 8075K, committed 8640K, reserved 1048576K
}
Event: 314.323 GC heap before
{Heap before GC invocations=409 (full 13):
 PSYoungGen      total 5632K, used 5606K [0x00000000eab00000, 0x00000000eb380000, 0x0000000100000000)
  eden space 4608K, 100% used [0x00000000eab00000,0x00000000eaf80000,0x00000000eaf80000)
  from space 1024K, 97% used [0x00000000eb000000,0x00000000eb0f9910,0x00000000eb100000)
  to   space 2048K, 0% used [0x00000000eb180000,0x00000000eb180000,0x00000000eb380000)
 ParOldGen       total 236032K, used 217248K [0x00000000c0000000, 0x00000000ce680000, 0x00000000eab00000)
  object space 236032K, 92% used [0x00000000c0000000,0x00000000cd428270,0x00000000ce680000)
 Metaspace       used 78811K, committed 80064K, reserved 1179648K
  class space    used 8075K, committed 8640K, reserved 1048576K
}
Event: 314.331 GC heap after
{Heap after GC invocations=409 (full 13):
 PSYoungGen      total 6144K, used 1161K [0x00000000eab00000, 0x00000000eb300000, 0x0000000100000000)
  eden space 4608K, 0% used [0x00000000eab00000,0x00000000eab00000,0x00000000eaf80000)
  from space 1536K, 75% used [0x00000000eb180000,0x00000000eb2a2668,0x00000000eb300000)
  to   space 1536K, 0% used [0x00000000eb000000,0x00000000eb000000,0x00000000eb180000)
 ParOldGen       total 236032K, used 218237K [0x00000000c0000000, 0x00000000ce680000, 0x00000000eab00000)
  object space 236032K, 92% used [0x00000000c0000000,0x00000000cd51f798,0x00000000ce680000)
 Metaspace       used 78811K, committed 80064K, reserved 1179648K
  class space    used 8075K, committed 8640K, reserved 1048576K
}
Event: 314.423 GC heap before
{Heap before GC invocations=410 (full 13):
 PSYoungGen      total 6144K, used 5769K [0x00000000eab00000, 0x00000000eb300000, 0x0000000100000000)
  eden space 4608K, 100% used [0x00000000eab00000,0x00000000eaf80000,0x00000000eaf80000)
  from space 1536K, 75% used [0x00000000eb180000,0x00000000eb2a2668,0x00000000eb300000)
  to   space 1536K, 0% used [0x00000000eb000000,0x00000000eb000000,0x00000000eb180000)
 ParOldGen       total 236032K, used 218237K [0x00000000c0000000, 0x00000000ce680000, 0x00000000eab00000)
  object space 236032K, 92% used [0x00000000c0000000,0x00000000cd51f798,0x00000000ce680000)
 Metaspace       used 78817K, committed 80064K, reserved 1179648K
  class space    used 8075K, committed 8640K, reserved 1048576K
}

